e:\study\microsoft visual studio\microsoft visual studio 2010 ultimate - chs\ship_path\ship_path\debug\ship_path.pch
e:\study\microsoft visual studio\microsoft visual studio 2010 ultimate - chs\ship_path\ship_path\debug\vc120.pdb
e:\study\microsoft visual studio\microsoft visual studio 2010 ultimate - chs\ship_path\ship_path\debug\vc120.idb
e:\study\microsoft visual studio\microsoft visual studio 2010 ultimate - chs\ship_path\ship_path\debug\stdafx.obj
e:\study\microsoft visual studio\microsoft visual studio 2010 ultimate - chs\ship_path\ship_path\debug\ship1.obj
e:\study\microsoft visual studio\microsoft visual studio 2010 ultimate - chs\ship_path\ship_path\debug\ship_path.obj
e:\study\microsoft visual studio\microsoft visual studio 2010 ultimate - chs\ship_path\ship_path\debug\mainsheet.obj
e:\study\microsoft visual studio\microsoft visual studio 2010 ultimate - chs\ship_path\ship_path\debug\ship2.obj
e:\study\microsoft visual studio\microsoft visual studio 2010 ultimate - chs\ship_path\ship_path\debug\ship_pathdlg.obj
e:\study\microsoft visual studio\microsoft visual studio 2010 ultimate - chs\ship_path\ship_path\debug\ship3.obj
e:\study\microsoft visual studio\microsoft visual studio 2010 ultimate - chs\备份\ship_path-2014-12-4（2）\ship_path\debug\ship_path.pch
e:\study\microsoft visual studio\microsoft visual studio 2010 ultimate - chs\备份\ship_path-2014-12-4（2）\ship_path\debug\vc120.pdb
e:\study\microsoft visual studio\microsoft visual studio 2010 ultimate - chs\备份\ship_path-2014-12-4（2）\ship_path\debug\vc120.idb
e:\study\microsoft visual studio\microsoft visual studio 2010 ultimate - chs\备份\ship_path-2014-12-4（2）\ship_path\debug\stdafx.obj
e:\study\microsoft visual studio\microsoft visual studio 2010 ultimate - chs\备份\ship_path-2014-12-4（2）\ship_path\debug\mainsheet.obj
e:\study\microsoft visual studio\microsoft visual studio 2010 ultimate - chs\备份\ship_path-2014-12-4（2）\ship_path\debug\ship1.obj
e:\study\microsoft visual studio\microsoft visual studio 2010 ultimate - chs\备份\ship_path-2014-12-4（2）\ship_path\debug\ship2.obj
e:\study\microsoft visual studio\microsoft visual studio 2010 ultimate - chs\备份\ship_path-2014-12-4（2）\ship_path\debug\ship3.obj
e:\study\microsoft visual studio\microsoft visual studio 2010 ultimate - chs\备份\ship_path-2014-12-4（2）\ship_path\debug\ship_path.obj
e:\study\microsoft visual studio\microsoft visual studio 2010 ultimate - chs\备份\ship_path-2014-12-4（2）\ship_path\debug\ship_pathdlg.obj
e:\study\microsoft visual studio\microsoft visual studio 2010 ultimate - chs\ship_path-2014-12-4（2）\ship_path\debug\ship_path.pch
e:\study\microsoft visual studio\microsoft visual studio 2010 ultimate - chs\ship_path-2014-12-4（2）\ship_path\debug\vc120.pdb
e:\study\microsoft visual studio\microsoft visual studio 2010 ultimate - chs\ship_path-2014-12-4（2）\ship_path\debug\vc120.idb
e:\study\microsoft visual studio\microsoft visual studio 2010 ultimate - chs\ship_path-2014-12-4（2）\ship_path\debug\stdafx.obj
e:\study\microsoft visual studio\microsoft visual studio 2010 ultimate - chs\ship_path-2014-12-4（2）\ship_path\debug\mainsheet.obj
e:\study\microsoft visual studio\microsoft visual studio 2010 ultimate - chs\ship_path-2014-12-4（2）\ship_path\debug\ship1.obj
e:\study\microsoft visual studio\microsoft visual studio 2010 ultimate - chs\ship_path-2014-12-4（2）\ship_path\debug\ship2.obj
e:\study\microsoft visual studio\microsoft visual studio 2010 ultimate - chs\ship_path-2014-12-4（2）\ship_path\debug\ship3.obj
e:\study\microsoft visual studio\microsoft visual studio 2010 ultimate - chs\ship_path-2014-12-4（2）\ship_path\debug\ship_path.obj
e:\study\microsoft visual studio\microsoft visual studio 2010 ultimate - chs\ship_path-2014-12-4（2）\ship_path\debug\ship_pathdlg.obj
e:\study\microsoft visual studio\microsoft visual studio 2010 ultimate - chs\ship_path\debug\ship_path.ilk
e:\study\microsoft visual studio\microsoft visual studio 2010 ultimate - chs\ship_path\debug\ship_path.exe
e:\study\microsoft visual studio\microsoft visual studio 2010 ultimate - chs\ship_path\debug\ship_path.pdb
e:\study\microsoft visual studio\microsoft visual studio 2010 ultimate - chs\备份\ship_path-2014-12-4（2）\debug\ship_path.ilk
e:\study\microsoft visual studio\microsoft visual studio 2010 ultimate - chs\备份\ship_path-2014-12-4（2）\debug\ship_path.exe
e:\study\microsoft visual studio\microsoft visual studio 2010 ultimate - chs\备份\ship_path-2014-12-4（2）\debug\ship_path.pdb
e:\study\microsoft visual studio\microsoft visual studio 2010 ultimate - chs\ship_path-2014-12-4（2）\debug\ship_path.ilk
e:\study\microsoft visual studio\microsoft visual studio 2010 ultimate - chs\ship_path-2014-12-4（2）\debug\ship_path.exe
e:\study\microsoft visual studio\microsoft visual studio 2010 ultimate - chs\ship_path-2014-12-4（2）\debug\ship_path.pdb
e:\study\microsoft visual studio\microsoft visual studio 2010 ultimate - chs\ship_path\ship_path\debug\ship_path.res
e:\study\microsoft visual studio\microsoft visual studio 2010 ultimate - chs\备份\ship_path-2014-12-4（2）\ship_path\debug\ship_path.res
e:\study\microsoft visual studio\microsoft visual studio 2010 ultimate - chs\ship_path-2014-12-4（2）\ship_path\debug\ship_path.res
e:\study\microsoft visual studio\microsoft visual studio 2010 ultimate - chs\ship_path-2014-12-4（2）\ship_path\debug\ship_path.tlog\cl.command.1.tlog
e:\study\microsoft visual studio\microsoft visual studio 2010 ultimate - chs\ship_path-2014-12-4（2）\ship_path\debug\ship_path.tlog\cl.read.1.tlog
e:\study\microsoft visual studio\microsoft visual studio 2010 ultimate - chs\ship_path-2014-12-4（2）\ship_path\debug\ship_path.tlog\cl.write.1.tlog
e:\study\microsoft visual studio\microsoft visual studio 2010 ultimate - chs\ship_path-2014-12-4（2）\ship_path\debug\ship_path.tlog\link.command.1.tlog
e:\study\microsoft visual studio\microsoft visual studio 2010 ultimate - chs\ship_path-2014-12-4（2）\ship_path\debug\ship_path.tlog\link.read.1.tlog
e:\study\microsoft visual studio\microsoft visual studio 2010 ultimate - chs\ship_path-2014-12-4（2）\ship_path\debug\ship_path.tlog\link.write.1.tlog
e:\study\microsoft visual studio\microsoft visual studio 2010 ultimate - chs\ship_path-2014-12-4（2）\ship_path\debug\ship_path.tlog\rc.command.1.tlog
e:\study\microsoft visual studio\microsoft visual studio 2010 ultimate - chs\ship_path-2014-12-4（2）\ship_path\debug\ship_path.tlog\rc.read.1.tlog
e:\study\microsoft visual studio\microsoft visual studio 2010 ultimate - chs\ship_path-2014-12-4（2）\ship_path\debug\ship_path.tlog\rc.write.1.tlog
